Arguments: 
  /home/igor-pimentel/.nvm/versions/node/v16.14.2/bin/node /home/igor-pimentel/.nvm/versions/node/v16.14.2/bin/yarn add chai chai-bn chai-as promised

PATH: 
  /home/igor-pimentel/.nvm/versions/node/v16.14.2/bin:/home/igor-pimentel/bin:/usr/local/sbin:/usr/local/bin:/usr/sbin:/usr/bin:/sbin:/bin:/usr/games:/usr/local/games:/snap/bin:/snap/bin:/home/igor-pimentel/Android/Sdk/tools:/home/igor-pimentel/Android/Sdk/tools/bin:/home/igor-pimentel/Android/Sdk/emulator:/home/igor-pimentel/Android/Sdk/platform-tools:/home/igor-pimentel/Android/Sdk/tools:/home/igor-pimentel/Android/Sdk/tools/bin:/home/igor-pimentel/Android/Sdk/emulator:/home/igor-pimentel/Android/Sdk/platform-tools

Yarn version: 
  1.22.18

Node version: 
  16.14.2

Platform: 
  linux x64

Trace: 
  Error: https://registry.yarnpkg.com/chai-as: Not found
      at Request.params.callback [as _callback] (/home/igor-pimentel/.nvm/versions/node/v16.14.2/lib/node_modules/yarn/lib/cli.js:66138:18)
      at Request.self.callback (/home/igor-pimentel/.nvm/versions/node/v16.14.2/lib/node_modules/yarn/lib/cli.js:140883:22)
      at Request.emit (node:events:526:28)
      at Request.<anonymous> (/home/igor-pimentel/.nvm/versions/node/v16.14.2/lib/node_modules/yarn/lib/cli.js:141855:10)
      at Request.emit (node:events:526:28)
      at IncomingMessage.<anonymous> (/home/igor-pimentel/.nvm/versions/node/v16.14.2/lib/node_modules/yarn/lib/cli.js:141777:12)
      at Object.onceWrapper (node:events:645:28)
      at IncomingMessage.emit (node:events:538:35)
      at endReadableNT (node:internal/streams/readable:1345:12)
      at processTicksAndRejections (node:internal/process/task_queues:83:21)

npm manifest: 
  {
    "dependencies": {
      "@openzeppelin/contracts": "^4.6.0"
    }
  }

yarn manifest: 
  No manifest

Lockfile: 
  # THIS IS AN AUTOGENERATED FILE. DO NOT EDIT THIS FILE DIRECTLY.
  # yarn lockfile v1
  
  
  "@openzeppelin/contracts@^4.6.0":
    version "4.6.0"
    resolved "https://registry.yarnpkg.com/@openzeppelin/contracts/-/contracts-4.6.0.tgz#c91cf64bc27f573836dba4122758b4743418c1b3"
    integrity sha512-8vi4d50NNya/bQqCmaVzvHNmwHvS0OBKb7HNtuNwEE3scXWrP31fKQoGxNMT+KbzmrNZzatE3QK5p2gFONI/hg==
